Using pre-set license
Built from '2020.3/staging' branch; Version is '2020.3.6f1 (338bb68529b2) revision 3378102'; Using compiler version '192528614'; Build Type 'Release'
OS: 'Windows 10 Pro; OS build 19044.1889; Version 2009; 64bit' Language: 'en' Physical Memory: 28524 MB
BatchMode: 1, IsHumanControllingUs: 0, StartBugReporterOnCrash: 0, Is64bit: 1, IsPro: 0

 COMMAND LINE ARGUMENTS:
C:\Program Files\Unity\Hub\Editor\2020.3.6f1\Editor\Unity.exe
-adb2
-batchMode
-noUpm
-name
AssetImportWorker0
-projectPath
C:/Users/Eadmond/Documents/GitHub/Zombie-Incoming
-logFile
Logs/AssetImportWorker0.log
-srvPort
4455
Successfully changed project path to: C:/Users/Eadmond/Documents/GitHub/Zombie-Incoming
C:/Users/Eadmond/Documents/GitHub/Zombie-Incoming
Using Asset Import Pipeline V2.
Refreshing native plugins compatible for Editor in 53.38 ms, found 0 plugins.
Preloading 0 native plugins for Editor in 0.00 ms.
Initialize engine version: 2020.3.6f1 (338bb68529b2)
[Subsystems] Discovering subsystems at path C:/Program Files/Unity/Hub/Editor/2020.3.6f1/Editor/Data/Resources/UnitySubsystems
[Subsystems] Discovering subsystems at path C:/Users/Eadmond/Documents/GitHub/Zombie-Incoming/Assets
GfxDevice: creating device client; threaded=0
Direct3D:
    Version:  Direct3D 11.0 [level 11.1]
    Renderer: NVIDIA GeForce RTX 3070 Laptop GPU (ID=0x24dd)
    Vendor:   
    VRAM:     8044 MB
    Driver:   31.0.15.1694
Initialize mono
Mono path[0] = 'C:/Program Files/Unity/Hub/Editor/2020.3.6f1/Editor/Data/Managed'
Mono path[1] = 'C:/Program Files/Unity/Hub/Editor/2020.3.6f1/Editor/Data/MonoBleedingEdge/lib/mono/unityjit'
Mono config path = 'C:/Program Files/Unity/Hub/Editor/2020.3.6f1/Editor/Data/MonoBleedingEdge/etc'
Using monoOptions --debugger-agent=transport=dt_socket,embedding=1,server=y,suspend=n,address=127.0.0.1:56596
Begin MonoManager ReloadAssembly
Registering precompiled unity dll's ...
Register platform support module: C:/Program Files/Unity/Hub/Editor/2020.3.6f1/Editor/Data/PlaybackEngines/WebGLSupport/UnityEditor.WebGL.Extensions.dll
Register platform support module: C:/Program Files/Unity/Hub/Editor/2020.3.6f1/Editor/Data/PlaybackEngines/WindowsStandaloneSupport/UnityEditor.WindowsStandalone.Extensions.dll
Registered in 0.006315 seconds.
Native extension for WindowsStandalone target not found
Native extension for WebGL target not found
Refreshing native plugins compatible for Editor in 58.43 ms, found 0 plugins.
Preloading 0 native plugins for Editor in 0.00 ms.
Mono: successfully reloaded assembly
- Completed reload, in  1.328 seconds
Platform modules already initialized, skipping
Registering precompiled user dll's ...
Registered in 0.002127 seconds.
Begin MonoManager ReloadAssembly
Native extension for WindowsStandalone target not found
Native extension for WebGL target not found
Refreshing native plugins compatible for Editor in 1.07 ms, found 0 plugins.
Preloading 0 native plugins for Editor in 0.00 ms.
Mono: successfully reloaded assembly
- Completed reload, in  1.001 seconds
Platform modules already initialized, skipping
========================================================================
Worker process is ready to serve import requests
Launched and connected shader compiler UnityShaderCompiler.exe after 0.07 seconds
Refreshing native plugins compatible for Editor in 0.66 ms, found 0 plugins.
Preloading 0 native plugins for Editor in 0.00 ms.
Unloading 1846 Unused Serialized files (Serialized files now loaded: 0)
System memory in use before: 101.8 MB.
System memory in use after: 101.5 MB.

Unloading 79 unused Assets to reduce memory usage. Loaded Objects now: 2290.
Total: 3.624500 ms (FindLiveObjects: 0.351100 ms CreateObjectMapping: 0.082200 ms MarkObjects: 2.656100 ms  DeleteObjects: 0.533900 ms)

========================================================================
Received Import Request.
  path: Assets/Scenes/CrappyResearchBuildings
  artifactKey: Guid(8b72ed2a40cf8954b91d42b66b585d82) Importer(815301076,1909f56bfc062723c751e8b465ee728b)
Start importing Assets/Scenes/CrappyResearchBuildings using Guid(8b72ed2a40cf8954b91d42b66b585d82) Importer(815301076,1909f56bfc062723c751e8b465ee728b)  -> (artifact id: '81377aef104cd7eeb448dd8049283287') in 0.007919 seconds
  Import took 0.012480 seconds .

========================================================================
Received Import Request.
  Time since last request: 0.000231 seconds.
  path: Assets/Scenes
  artifactKey: Guid(210c4a3c8cb5dc644ac46b9e59d6e232) Importer(815301076,1909f56bfc062723c751e8b465ee728b)
Start importing Assets/Scenes using Guid(210c4a3c8cb5dc644ac46b9e59d6e232) Importer(815301076,1909f56bfc062723c751e8b465ee728b)  -> (artifact id: 'e31923397dce24c32352d8116d2bc469') in 0.003779 seconds
  Import took 0.006295 seconds .

========================================================================
Received Import Request.
  Time since last request: 0.000232 seconds.
  path: Assets/Scenes/Zombie Incoming.png
  artifactKey: Guid(b2c9d019c22d76f4f803f4f2598d6bc8) Importer(815301076,1909f56bfc062723c751e8b465ee728b)
Start importing Assets/Scenes/Zombie Incoming.png using Guid(b2c9d019c22d76f4f803f4f2598d6bc8) Importer(815301076,1909f56bfc062723c751e8b465ee728b)  -> (artifact id: '09b5058bd26d046823e8348a659cbee5') in 0.134942 seconds
  Import took 0.138027 seconds .

========================================================================
Received Import Request.
  Time since last request: 0.000209 seconds.
  path: Assets/Scenes/Zombie Incoming 2.png
  artifactKey: Guid(c4cea8a84c5f6c54cb5ddaa118ed74af) Importer(815301076,1909f56bfc062723c751e8b465ee728b)
Start importing Assets/Scenes/Zombie Incoming 2.png using Guid(c4cea8a84c5f6c54cb5ddaa118ed74af) Importer(815301076,1909f56bfc062723c751e8b465ee728b)  -> (artifact id: 'a584ec361b52bf1a84457556e00871ac') in 0.053629 seconds
  Import took 0.056729 seconds .

========================================================================
Received Import Request.
  Time since last request: 0.718630 seconds.
  path: Assets/Scenes/CrappyResearchBuildings/AssylumBuildings.unity
  artifactKey: Guid(7f44b7a886011ea479a0e6022364521b) Importer(815301076,1909f56bfc062723c751e8b465ee728b)
Start importing Assets/Scenes/CrappyResearchBuildings/AssylumBuildings.unity using Guid(7f44b7a886011ea479a0e6022364521b) Importer(815301076,1909f56bfc062723c751e8b465ee728b)  -> (artifact id: '6e7b75024f31638be81448547d9f0a7f') in 0.004562 seconds
  Import took 0.008067 seconds .

========================================================================
Received Import Request.
  Time since last request: 0.000444 seconds.
  path: Assets/Scenes/CrappyResearchBuildings/AssylumBuildings.unity
  artifactKey: Guid(7f44b7a886011ea479a0e6022364521b) Importer(815301076,1909f56bfc062723c751e8b465ee728b)
Start importing Assets/Scenes/CrappyResearchBuildings/AssylumBuildings.unity using Guid(7f44b7a886011ea479a0e6022364521b) Importer(815301076,1909f56bfc062723c751e8b465ee728b)  -> (artifact id: '6e7b75024f31638be81448547d9f0a7f') in 0.004112 seconds
  Import took 0.006806 seconds .

========================================================================
Received Import Request.
  Time since last request: 1.411331 seconds.
  path: Assets/Scenes/CrappyResearchBuildings/CrappyBuildings.unity
  artifactKey: Guid(b2c28daf9bc46c949a571d8e240cf03f) Importer(815301076,1909f56bfc062723c751e8b465ee728b)
Start importing Assets/Scenes/CrappyResearchBuildings/CrappyBuildings.unity using Guid(b2c28daf9bc46c949a571d8e240cf03f) Importer(815301076,1909f56bfc062723c751e8b465ee728b)  -> (artifact id: '29b6b9036bc7a5a9dcc93a7e6ab0fe65') in 0.004481 seconds
  Import took 0.008185 seconds .

